<?xml version="1.0" encoding="UTF-8"?>
<!-- Generated by org.testng.reporters.JUnitXMLReporter -->
<testsuite hostname="CL-NB-ROMI" name="Demo" tests="4" failures="1" timestamp="12 Apr 2017 15:10:00 GMT" time="1.245" errors="0">
  <testcase name="@AfterMethod deleteAllCookies" time="0.0" classname="com.tsoftlatam.automatizacion.test.Example001Test">
    <failure type="java.lang.NullPointerException">
      <![CDATA[java.lang.NullPointerException
	at com.tsoftlatam.automatizacion.test.AbstractTestObject.deleteAllCookies(AbstractTestObject.java:45)
... Removed 26 stack frames]]>
    </failure>
  </testcase> <!-- @AfterMethod deleteAllCookies -->
  <testcase name="@BeforeMethod obtenerNombreDeLosMetodos" time="0.0" classname="com.tsoftlatam.automatizacion.test.Example001Test">
    <skipped/>
  </testcase> <!-- @BeforeMethod obtenerNombreDeLosMetodos -->
  <testcase name="@AfterMethod closeTest" time="0.0" classname="com.tsoftlatam.automatizacion.test.Example001Test">
    <skipped/>
  </testcase> <!-- @AfterMethod closeTest -->
  <testcase name="@AfterMethod deleteAllCookies" time="0.0" classname="com.tsoftlatam.automatizacion.test.Example001Test">
    <skipped/>
  </testcase> <!-- @AfterMethod deleteAllCookies -->
  <testcase name="@BeforeMethod obtenerNombreDeLosMetodos" time="0.0" classname="com.tsoftlatam.automatizacion.test.Example001Test">
    <skipped/>
  </testcase> <!-- @BeforeMethod obtenerNombreDeLosMetodos -->
  <testcase name="@AfterMethod closeTest" time="0.0" classname="com.tsoftlatam.automatizacion.test.Example001Test">
    <skipped/>
  </testcase> <!-- @AfterMethod closeTest -->
  <testcase name="@AfterMethod deleteAllCookies" time="0.0" classname="com.tsoftlatam.automatizacion.test.Example001Test">
    <skipped/>
  </testcase> <!-- @AfterMethod deleteAllCookies -->
  <testcase name="@BeforeMethod obtenerNombreDeLosMetodos" time="0.0" classname="com.tsoftlatam.automatizacion.test.Example001Test">
    <skipped/>
  </testcase> <!-- @BeforeMethod obtenerNombreDeLosMetodos -->
  <testcase name="@AfterMethod closeTest" time="0.0" classname="com.tsoftlatam.automatizacion.test.Example001Test">
    <skipped/>
  </testcase> <!-- @AfterMethod closeTest -->
  <testcase name="@AfterMethod deleteAllCookies" time="0.0" classname="com.tsoftlatam.automatizacion.test.Example001Test">
    <skipped/>
  </testcase> <!-- @AfterMethod deleteAllCookies -->
  <testcase name="@AfterClass tearDown" time="0.0" classname="com.tsoftlatam.automatizacion.test.Example001Test">
    <skipped/>
  </testcase> <!-- @AfterClass tearDown -->
  <testcase name="a_validaPaginaIndex" time="0.016" classname="com.tsoftlatam.automatizacion.test.Example001Test">
    <failure type="java.lang.NullPointerException">
      <![CDATA[java.lang.NullPointerException
	at com.tsoftlatam.automatizacion.test.AbstractTestObject.createScreenshot(AbstractTestObject.java:64)
	at com.tsoftlatam.automatizacion.test.AbstractTestObject.generarStepFail(AbstractTestObject.java:77)
	at com.tsoftlatam.automatizacion.test.Example001Test.a_validaPaginaIndex(Example001Test.java:33)
... Removed 24 stack frames]]>
    </failure>
  </testcase> <!-- a_validaPaginaIndex -->
  <testcase name="b_clickAdministrationInterface" time="0.031" classname="com.tsoftlatam.automatizacion.test.Example001Test">
    <skipped/>
  </testcase> <!-- b_clickAdministrationInterface -->
  <testcase name="c_clickLknBook" time="0.0" classname="com.tsoftlatam.automatizacion.test.Example001Test">
    <skipped/>
  </testcase> <!-- c_clickLknBook -->
  <testcase name="d_seleccionarOpcionCmb" time="0.016" classname="com.tsoftlatam.automatizacion.test.Example001Test">
    <skipped/>
  </testcase> <!-- d_seleccionarOpcionCmb -->
</testsuite> <!-- Demo -->
