<?xml version="1.0" encoding="UTF-8"?>
<testng-results skipped="3" failed="1" total="4" passed="0">
  <reporter-output>
  </reporter-output>
  <suite name="Default suite" duration-ms="1212" started-at="2017-04-12T15:10:18Z" finished-at="2017-04-12T15:10:20Z">
    <groups>
    </groups>
    <test name="Default test" duration-ms="1212" started-at="2017-04-12T15:10:18Z" finished-at="2017-04-12T15:10:20Z">
      <class name="com.tsoftlatam.automatizacion.test.Example001Test">
        <test-method status="PASS" signature="setup()[pri:0, instance:com.tsoftlatam.automatizacion.test.Example001Test@57baeedf]" name="setup" is-config="true" duration-ms="1120" started-at="2017-04-12T12:10:18Z" finished-at="2017-04-12T12:10:20Z">
          <reporter-output>
          </reporter-output>
        </test-method> <!-- setup -->
        <test-method status="PASS" signature="obtenerNombreDeLosMetodos(java.lang.reflect.Method)[pri:0, instance:com.tsoftlatam.automatizacion.test.Example001Test@57baeedf]" name="obtenerNombreDeLosMetodos" is-config="true" duration-ms="1" started-at="2017-04-12T12:10:20Z" finished-at="2017-04-12T12:10:20Z">
          <params>
            <param index="0">
              <value>
                <![CDATA[public void com.tsoftlatam.automatizacion.test.Example001Test.a_validaPaginaIndex()]]>
              </value>
            </param>
          </params>
          <reporter-output>
          </reporter-output>
        </test-method> <!-- obtenerNombreDeLosMetodos -->
        <test-method status="FAIL" signature="a_validaPaginaIndex()[pri:0, instance:com.tsoftlatam.automatizacion.test.Example001Test@57baeedf]" name="a_validaPaginaIndex" duration-ms="26" started-at="2017-04-12T12:10:20Z" finished-at="2017-04-12T12:10:20Z">
          <exception class="java.lang.NullPointerException">
            <full-stacktrace>
              <![CDATA[java.lang.NullPointerException
	at com.tsoftlatam.automatizacion.test.AbstractTestObject.createScreenshot(AbstractTestObject.java:64)
	at com.tsoftlatam.automatizacion.test.AbstractTestObject.generarStepFail(AbstractTestObject.java:77)
	at com.tsoftlatam.automatizacion.test.Example001Test.a_validaPaginaIndex(Example001Test.java:33)
	at sun.reflect.NativeMethodAccessorImpl.invoke0(Native Method)
	at sun.reflect.NativeMethodAccessorImpl.invoke(NativeMethodAccessorImpl.java:62)
	at sun.reflect.DelegatingMethodAccessorImpl.invoke(DelegatingMethodAccessorImpl.java:43)
	at java.lang.reflect.Method.invoke(Method.java:498)
	at org.testng.internal.MethodInvocationHelper.invokeMethod(MethodInvocationHelper.java:80)
	at org.testng.internal.Invoker.invokeMethod(Invoker.java:714)
	at org.testng.internal.Invoker.invokeTestMethod(Invoker.java:901)
	at org.testng.internal.Invoker.invokeTestMethods(Invoker.java:1231)
	at org.testng.internal.TestMethodWorker.invokeTestMethods(TestMethodWorker.java:127)
	at org.testng.internal.TestMethodWorker.run(TestMethodWorker.java:111)
	at org.testng.TestRunner.privateRun(TestRunner.java:767)
	at org.testng.TestRunner.run(TestRunner.java:617)
	at org.testng.SuiteRunner.runTest(SuiteRunner.java:334)
	at org.testng.SuiteRunner.runSequentially(SuiteRunner.java:329)
	at org.testng.SuiteRunner.privateRun(SuiteRunner.java:291)
	at org.testng.SuiteRunner.run(SuiteRunner.java:240)
	at org.testng.SuiteRunnerWorker.runSuite(SuiteRunnerWorker.java:52)
	at org.testng.SuiteRunnerWorker.run(SuiteRunnerWorker.java:86)
	at org.testng.TestNG.runSuitesSequentially(TestNG.java:1198)
	at org.testng.TestNG.runSuitesLocally(TestNG.java:1123)
	at org.testng.TestNG.run(TestNG.java:1031)
	at org.testng.remote.AbstractRemoteTestNG.run(AbstractRemoteTestNG.java:132)
	at org.testng.remote.RemoteTestNG.initAndRun(RemoteTestNG.java:230)
	at org.testng.remote.RemoteTestNG.main(RemoteTestNG.java:76)
]]>
            </full-stacktrace>
          </exception> <!-- java.lang.NullPointerException -->
          <reporter-output>
          </reporter-output>
        </test-method> <!-- a_validaPaginaIndex -->
        <test-method status="PASS" signature="closeTest()[pri:0, instance:com.tsoftlatam.automatizacion.test.Example001Test@57baeedf]" name="closeTest" is-config="true" duration-ms="2" started-at="2017-04-12T12:10:20Z" finished-at="2017-04-12T12:10:20Z">
          <reporter-output>
          </reporter-output>
        </test-method> <!-- closeTest -->
        <test-method status="FAIL" signature="deleteAllCookies()[pri:0, instance:com.tsoftlatam.automatizacion.test.Example001Test@57baeedf]" name="deleteAllCookies" is-config="true" duration-ms="0" started-at="2017-04-12T12:10:20Z" finished-at="2017-04-12T12:10:20Z">
          <exception class="java.lang.NullPointerException">
            <full-stacktrace>
              <![CDATA[java.lang.NullPointerException
	at com.tsoftlatam.automatizacion.test.AbstractTestObject.deleteAllCookies(AbstractTestObject.java:45)
	at sun.reflect.NativeMethodAccessorImpl.invoke0(Native Method)
	at sun.reflect.NativeMethodAccessorImpl.invoke(NativeMethodAccessorImpl.java:62)
	at sun.reflect.DelegatingMethodAccessorImpl.invoke(DelegatingMethodAccessorImpl.java:43)
	at java.lang.reflect.Method.invoke(Method.java:498)
	at org.testng.internal.MethodInvocationHelper.invokeMethod(MethodInvocationHelper.java:80)
	at org.testng.internal.Invoker.invokeConfigurationMethod(Invoker.java:564)
	at org.testng.internal.Invoker.invokeConfigurations(Invoker.java:213)
	at org.testng.internal.Invoker.invokeMethod(Invoker.java:786)
	at org.testng.internal.Invoker.invokeTestMethod(Invoker.java:901)
	at org.testng.internal.Invoker.invokeTestMethods(Invoker.java:1231)
	at org.testng.internal.TestMethodWorker.invokeTestMethods(TestMethodWorker.java:127)
	at org.testng.internal.TestMethodWorker.run(TestMethodWorker.java:111)
	at org.testng.TestRunner.privateRun(TestRunner.java:767)
	at org.testng.TestRunner.run(TestRunner.java:617)
	at org.testng.SuiteRunner.runTest(SuiteRunner.java:334)
	at org.testng.SuiteRunner.runSequentially(SuiteRunner.java:329)
	at org.testng.SuiteRunner.privateRun(SuiteRunner.java:291)
	at org.testng.SuiteRunner.run(SuiteRunner.java:240)
	at org.testng.SuiteRunnerWorker.runSuite(SuiteRunnerWorker.java:52)
	at org.testng.SuiteRunnerWorker.run(SuiteRunnerWorker.java:86)
	at org.testng.TestNG.runSuitesSequentially(TestNG.java:1198)
	at org.testng.TestNG.runSuitesLocally(TestNG.java:1123)
	at org.testng.TestNG.run(TestNG.java:1031)
	at org.testng.remote.AbstractRemoteTestNG.run(AbstractRemoteTestNG.java:132)
	at org.testng.remote.RemoteTestNG.initAndRun(RemoteTestNG.java:230)
	at org.testng.remote.RemoteTestNG.main(RemoteTestNG.java:76)
]]>
            </full-stacktrace>
          </exception> <!-- java.lang.NullPointerException -->
          <reporter-output>
          </reporter-output>
        </test-method> <!-- deleteAllCookies -->
        <test-method status="SKIP" signature="obtenerNombreDeLosMetodos(java.lang.reflect.Method)[pri:0, instance:com.tsoftlatam.automatizacion.test.Example001Test@57baeedf]" name="obtenerNombreDeLosMetodos" is-config="true" duration-ms="0" started-at="2017-04-12T12:10:20Z" finished-at="2017-04-12T12:10:20Z">
          <reporter-output>
          </reporter-output>
        </test-method> <!-- obtenerNombreDeLosMetodos -->
        <test-method status="SKIP" signature="b_clickAdministrationInterface()[pri:0, instance:com.tsoftlatam.automatizacion.test.Example001Test@57baeedf]" name="b_clickAdministrationInterface" duration-ms="4" started-at="2017-04-12T12:10:20Z" finished-at="2017-04-12T12:10:20Z">
          <reporter-output>
          </reporter-output>
        </test-method> <!-- b_clickAdministrationInterface -->
        <test-method status="SKIP" signature="closeTest()[pri:0, instance:com.tsoftlatam.automatizacion.test.Example001Test@57baeedf]" name="closeTest" is-config="true" duration-ms="0" started-at="2017-04-12T12:10:20Z" finished-at="2017-04-12T12:10:20Z">
          <reporter-output>
          </reporter-output>
        </test-method> <!-- closeTest -->
        <test-method status="SKIP" signature="deleteAllCookies()[pri:0, instance:com.tsoftlatam.automatizacion.test.Example001Test@57baeedf]" name="deleteAllCookies" is-config="true" duration-ms="0" started-at="2017-04-12T12:10:20Z" finished-at="2017-04-12T12:10:20Z">
          <reporter-output>
          </reporter-output>
        </test-method> <!-- deleteAllCookies -->
        <test-method status="SKIP" signature="obtenerNombreDeLosMetodos(java.lang.reflect.Method)[pri:0, instance:com.tsoftlatam.automatizacion.test.Example001Test@57baeedf]" name="obtenerNombreDeLosMetodos" is-config="true" duration-ms="0" started-at="2017-04-12T12:10:20Z" finished-at="2017-04-12T12:10:20Z">
          <reporter-output>
          </reporter-output>
        </test-method> <!-- obtenerNombreDeLosMetodos -->
        <test-method status="SKIP" signature="c_clickLknBook()[pri:0, instance:com.tsoftlatam.automatizacion.test.Example001Test@57baeedf]" name="c_clickLknBook" duration-ms="1" started-at="2017-04-12T12:10:20Z" finished-at="2017-04-12T12:10:20Z">
          <reporter-output>
          </reporter-output>
        </test-method> <!-- c_clickLknBook -->
        <test-method status="SKIP" signature="closeTest()[pri:0, instance:com.tsoftlatam.automatizacion.test.Example001Test@57baeedf]" name="closeTest" is-config="true" duration-ms="0" started-at="2017-04-12T12:10:20Z" finished-at="2017-04-12T12:10:20Z">
          <reporter-output>
          </reporter-output>
        </test-method> <!-- closeTest -->
        <test-method status="SKIP" signature="deleteAllCookies()[pri:0, instance:com.tsoftlatam.automatizacion.test.Example001Test@57baeedf]" name="deleteAllCookies" is-config="true" duration-ms="0" started-at="2017-04-12T12:10:20Z" finished-at="2017-04-12T12:10:20Z">
          <reporter-output>
          </reporter-output>
        </test-method> <!-- deleteAllCookies -->
        <test-method status="SKIP" signature="obtenerNombreDeLosMetodos(java.lang.reflect.Method)[pri:0, instance:com.tsoftlatam.automatizacion.test.Example001Test@57baeedf]" name="obtenerNombreDeLosMetodos" is-config="true" duration-ms="0" started-at="2017-04-12T12:10:20Z" finished-at="2017-04-12T12:10:20Z">
          <reporter-output>
          </reporter-output>
        </test-method> <!-- obtenerNombreDeLosMetodos -->
        <test-method status="SKIP" signature="d_seleccionarOpcionCmb()[pri:0, instance:com.tsoftlatam.automatizacion.test.Example001Test@57baeedf]" name="d_seleccionarOpcionCmb" duration-ms="1" started-at="2017-04-12T12:10:20Z" finished-at="2017-04-12T12:10:20Z">
          <reporter-output>
          </reporter-output>
        </test-method> <!-- d_seleccionarOpcionCmb -->
        <test-method status="SKIP" signature="closeTest()[pri:0, instance:com.tsoftlatam.automatizacion.test.Example001Test@57baeedf]" name="closeTest" is-config="true" duration-ms="0" started-at="2017-04-12T12:10:20Z" finished-at="2017-04-12T12:10:20Z">
          <reporter-output>
          </reporter-output>
        </test-method> <!-- closeTest -->
        <test-method status="SKIP" signature="deleteAllCookies()[pri:0, instance:com.tsoftlatam.automatizacion.test.Example001Test@57baeedf]" name="deleteAllCookies" is-config="true" duration-ms="0" started-at="2017-04-12T12:10:20Z" finished-at="2017-04-12T12:10:20Z">
          <reporter-output>
          </reporter-output>
        </test-method> <!-- deleteAllCookies -->
        <test-method status="SKIP" signature="tearDown()[pri:0, instance:com.tsoftlatam.automatizacion.test.Example001Test@57baeedf]" name="tearDown" is-config="true" duration-ms="0" started-at="2017-04-12T12:10:20Z" finished-at="2017-04-12T12:10:20Z">
          <reporter-output>
          </reporter-output>
        </test-method> <!-- tearDown -->
      </class> <!-- com.tsoftlatam.automatizacion.test.Example001Test -->
    </test> <!-- Default test -->
  </suite> <!-- Default suite -->
</testng-results>
