<?xml version="1.0" encoding="UTF-8"?>
<testng-results skipped="0" failed="0" total="1" passed="1">
  <reporter-output>
  </reporter-output>
  <suite name="Default suite" duration-ms="28396" started-at="2017-04-10T20:49:16Z" finished-at="2017-04-10T20:49:44Z">
    <groups>
    </groups>
    <test name="Default test" duration-ms="28396" started-at="2017-04-10T20:49:16Z" finished-at="2017-04-10T20:49:44Z">
      <class name="TC02GenerarEnvio">
        <test-method status="PASS" signature="setUp()[pri:0, instance:TC02GenerarEnvio@7113b13f]" name="setUp" is-config="true" duration-ms="5524" started-at="2017-04-10T17:49:16Z" finished-at="2017-04-10T17:49:22Z">
          <reporter-output>
          </reporter-output>
        </test-method> <!-- setUp -->
        <test-method status="PASS" signature="testTC02GenerarEnvio()[pri:0, instance:TC02GenerarEnvio@7113b13f]" name="testTC02GenerarEnvio" duration-ms="21419" started-at="2017-04-10T17:49:22Z" finished-at="2017-04-10T17:49:43Z">
          <reporter-output>
          </reporter-output>
        </test-method> <!-- testTC02GenerarEnvio -->
        <test-method status="PASS" signature="tearDown()[pri:0, instance:TC02GenerarEnvio@7113b13f]" name="tearDown" is-config="true" duration-ms="1438" started-at="2017-04-10T17:49:43Z" finished-at="2017-04-10T17:49:44Z">
          <reporter-output>
          </reporter-output>
        </test-method> <!-- tearDown -->
      </class> <!-- TC02GenerarEnvio -->
    </test> <!-- Default test -->
  </suite> <!-- Default suite -->
</testng-results>
